Дата и время вызова функции - 2023-06-19 01:12:32.289377,
Имя функции - hello_world,
Аргументы, с которыми вызвалась функция - ((), {}),
Возвращаемое значение - Hello World

Дата и время вызова функции - 2023-06-19 01:12:32.290376,
Имя функции - summator,
Аргументы, с которыми вызвалась функция - ((2, 2), {}),
Возвращаемое значение - 4

Дата и время вызова функции - 2023-06-19 01:12:32.291380,
Имя функции - div,
Аргументы, с которыми вызвалась функция - ((6, 2), {}),
Возвращаемое значение - 3.0

Дата и время вызова функции - 2023-06-19 01:12:32.292376,
Имя функции - summator,
Аргументы, с которыми вызвалась функция - ((4.3,), {'b': 2.2}),
Возвращаемое значение - 6.5

Дата и время вызова функции - 2023-06-19 01:12:32.293375,
Имя функции - summator,
Аргументы, с которыми вызвалась функция - ((), {'a': 0, 'b': 0}),
Возвращаемое значение - 0

